34.375
28.125
28.125
9.375
18.75
21.875
18.75
25
15.625
25
21.875
21.875
31.25
34.375
31.25
9.375
18.75
21.875
31.25
18.75
25
15.625
31.25
25
28.125
31.25
37.5
25
25
9.375
21.875
31.25
21.875
34.375
12.5
21.875
18.75
15.625
15.625
25
28.125
12.5
28.125
21.875
21.875
34.375
21.875
28.125
46.875
9.375
12.5
31.25
31.25
21.875
25
28.125
34.375
28.125
15.625
34.375
25
21.875
21.875
25
28.125
18.75
21.875
34.375
18.75
18.75
34.375
21.875
28.125
40.625
31.25
18.75
21.875
18.75
25
9.375
25
28.125
37.5
25
34.375
18.75
34.375
15.625
25
31.25
25
37.5
31.25
21.875
18.75
25
21.875
21.875
31.25
25
31.25
37.5
28.125
25
25
31.25
28.125
21.875
37.5
31.25
12.5
28.125
31.25
25
40.625
21.875
31.25
21.875
34.375
28.125
18.75
31.25
21.875
25
34.375
25
34.375
37.5
43.75
28.125
25
37.5
25
40.625
37.5
34.375
40.625
31.25
31.25
31.25
37.5
12.5
18.75
31.25
46.875
21.875
50
46.875
28.125
18.75
40.625
50
34.375
34.375
31.25
40.625
28.125
31.25
40.625
50
31.25
40.625
34.375
37.5
21.875
25
37.5
43.75
34.375
15.625
46.875
40.625
34.375
43.75
62.5
37.5
37.5
46.875
37.5
28.125
37.5
59.375
25
31.25
18.75
28.125
25
50
56.25
50
34.375
37.5
43.75
31.25
43.75
31.25
50
34.375
50
37.5
21.875
34.375
34.375
46.875
37.5
50
40.625
53.125
18.75
25
43.75
43.75
50
53.125
34.375
50
71.875
62.5
37.5
50
56.25
65.625
50
34.375
46.875
56.25
31.25
53.125
40.625
53.125
46.875
59.375
43.75
62.5
31.25
71.875
46.875
43.75
50
53.125
34.375
53.125
50
50
43.75
43.75
62.5
62.5
43.75
28.125
59.375
50
59.375
59.375
68.75
59.375
56.25
71.875
53.125
50
59.375
53.125
65.625
46.875
46.875
56.25
65.625
62.5
43.75
46.875
65.625
43.75
50
46.875
56.25
62.5
53.125
43.75
68.75
53.125
56.25
46.875
56.25
56.25
68.75
56.25
68.75
68.75
59.375
65.625
53.125
65.625
68.75
68.75
56.25
46.875
62.5
65.625
56.25
50
62.5
62.5
56.25
53.125
65.625
62.5
50
59.375
53.125
68.75
68.75
59.375
68.75
68.75
50
53.125
59.375
46.875
56.25
59.375
71.875
59.375
59.375
56.25
50
37.5
65.625
56.25
53.125
62.5
65.625
59.375
56.25
65.625
62.5
59.375
59.375
59.375
53.125
62.5
65.625
71.875
56.25
50
50
59.375
71.875
62.5
59.375
59.375
59.375
71.875
50
75
62.5
65.625
59.375
62.5
56.25
81.25
62.5
71.875
75
62.5
68.75
62.5
56.25
62.5
68.75
53.125
75
68.75
62.5
62.5
65.625
62.5
71.875
75
65.625
71.875
71.875
65.625
62.5
46.875
71.875
75
65.625
65.625
62.5
75
68.75
71.875
68.75
78.125
71.875
68.75
68.75
56.25
65.625
65.625
75
68.75
65.625
68.75
62.5
62.5
81.25
65.625
71.875
78.125
75
62.5
53.125
75
71.875
50
75
81.25
62.5
62.5
90.625
71.875
59.375
62.5
65.625
78.125
75
68.75
59.375
62.5
75
75
53.125
65.625
65.625
75
65.625
75
84.375
68.75
62.5
75
71.875
81.25
87.5
78.125
75
75
62.5
71.875
68.75
75
68.75
56.25
71.875
62.5
59.375
65.625
56.25
78.125
71.875
65.625
68.75
71.875
75
68.75
56.25
84.375
68.75
78.125
62.5
56.25
71.875
78.125
71.875
78.125
62.5
81.25
56.25
62.5
78.125
62.5
75
68.75
53.125
56.25
81.25
68.75
65.625
62.5
56.25
62.5
59.375
71.875
53.125
71.875
71.875
56.25
71.875
81.25
59.375
84.375
87.5
75
65.625
71.875
65.625
68.75
81.25
71.875
78.125
78.125
50
65.625
62.5
65.625
78.125
68.75
65.625
71.875
65.625
59.375
65.625
75
75
71.875
75
78.125
71.875
75
75
68.75
59.375
81.25
81.25
75
71.875
68.75
84.375
75
75
75
78.125
81.25
71.875
81.25
78.125
65.625
65.625
71.875
59.375
56.25
68.75
59.375
78.125
68.75
65.625
65.625
78.125
62.5
71.875
65.625
65.625
84.375
65.625
71.875
62.5
78.125
65.625
68.75
84.375
81.25
78.125
75
62.5
68.75
68.75
75
78.125
68.75
71.875
78.125
90.625
68.75
59.375
81.25
75
71.875
71.875
59.375
81.25
68.75
46.875
81.25
75
68.75
75
81.25
53.125
62.5
90.625
68.75
81.25
81.25
68.75
75
78.125
68.75
71.875
75
68.75
87.5
78.125
68.75
71.875
78.125
75
78.125
81.25
71.875
62.5
59.375
84.375
71.875
78.125
87.5
78.125
68.75
87.5
81.25
65.625
56.25
71.875
78.125
81.25
59.375
81.25
59.375
65.625
84.375
71.875
68.75
75
90.625
75
87.5
84.375
84.375
68.75
68.75
68.75
84.375
90.625
87.5
87.5
81.25
71.875
78.125
65.625
81.25
71.875
68.75
90.625
71.875
65.625
71.875
71.875
78.125
75
81.25
81.25
84.375
75
78.125
78.125
71.875
53.125
65.625
84.375
75
68.75
71.875
75
78.125
62.5
68.75
84.375
75
81.25
78.125
90.625
65.625
87.5
75
78.125
84.375
65.625
93.75
62.5
90.625
78.125
65.625
78.125
71.875
84.375
75
81.25
71.875
78.125
75
84.375
81.25
81.25
78.125
68.75
78.125
87.5
68.75
78.125
81.25
75
62.5
81.25
65.625
75
68.75
68.75
71.875
81.25
68.75
68.75
68.75
78.125
90.625
65.625
62.5
65.625
81.25
81.25
62.5
56.25
81.25
56.25
75
78.125
65.625
71.875
71.875
81.25
78.125
65.625
87.5
71.875
78.125
75
62.5
81.25
81.25
75
90.625
65.625
90.625
84.375
81.25
65.625
75
81.25
71.875
75
81.25
81.25
71.875
78.125
71.875
68.75
75
78.125
78.125
90.625
78.125
78.125
68.75
78.125
75
78.125
68.75
84.375
71.875
87.5
65.625
75
84.375
75
81.25
71.875
78.125
65.625
81.25
78.125
68.75
62.5
71.875
75
68.75
71.875
71.875
68.75
78.125
56.25
68.75
84.375
87.5
81.25
81.25
68.75
81.25
78.125
68.75
81.25
68.75
71.875
87.5
81.25
78.125
84.375
81.25
78.125
84.375
81.25
90.625
78.125
68.75
81.25
68.75
68.75
81.25
87.5
84.375
90.625
78.125
78.125
90.625
84.375
81.25
81.25
84.375
68.75
78.125
75
90.625
81.25
62.5
87.5
75
84.375
71.875
71.875
84.375
84.375
65.625
87.5
65.625
75
62.5
75
78.125
75
71.875
84.375
81.25
90.625
87.5
84.375
84.375
87.5
81.25
90.625
84.375
78.125
78.125
71.875
78.125
81.25
78.125
78.125
68.75
87.5
78.125
75
84.375
68.75
75
78.125
71.875
81.25
90.625
78.125
65.625
87.5
78.125
71.875
81.25
71.875
78.125
68.75
84.375
90.625
68.75
71.875
81.25
84.375
84.375
68.75
75
78.125
68.75
59.375
87.5
78.125
78.125
87.5
84.375
81.25
75
90.625
75
75
90.625
78.125
78.125
87.5
71.875
87.5
71.875
87.5
84.375
71.875
93.75
71.875
78.125
81.25
84.375
75
71.875
81.25
75
75
62.5
56.25
81.25
81.25
78.125
59.375
75
78.125
71.875
78.125
71.875
71.875
84.375
78.125
78.125
68.75
78.125
56.25
90.625
75
78.125
81.25
71.875
78.125
71.875
68.75
78.125
87.5
75
78.125
81.25
68.75
68.75
75
75
71.875
81.25
50
75
84.375
62.5
71.875
65.625
62.5
65.625
62.5
78.125
75
68.75
75
81.25
87.5
78.125
81.25
81.25
81.25
71.875
81.25
81.25
84.375
93.75
65.625
78.125
75
78.125
87.5
78.125
75
71.875
71.875
65.625
65.625
81.25
75
78.125
68.75
75
87.5
65.625
78.125
81.25
68.75
71.875
68.75
81.25
84.375
87.5
84.375
81.25
81.25
87.5
78.125
81.25
81.25
71.875
81.25
75
81.25
78.125
81.25
75
78.125
53.125
78.125
87.5
62.5
75
81.25
75
84.375
78.125
75
90.625
93.75
78.125
75
71.875
93.75
78.125
71.875
75
90.625
81.25
71.875
87.5
71.875
87.5
87.5
87.5
65.625
93.75
81.25
75
90.625
75
75
81.25
87.5
75
78.125
87.5
81.25
75
84.375
81.25
81.25
71.875
78.125
75
78.125
90.625
90.625
75
71.875
87.5
87.5
84.375
78.125
81.25
78.125
84.375
68.75
71.875
84.375
75
78.125
81.25
81.25
71.875
81.25
87.5
75
68.75
81.25
71.875
90.625
68.75
90.625
75
81.25
71.875
65.625
78.125
75
68.75
78.125
87.5
84.375
56.25
68.75
81.25
84.375
84.375
90.625
93.75
84.375
62.5
84.375
78.125
78.125
81.25
84.375
62.5
65.625
84.375
90.625
81.25
81.25
81.25
78.125
87.5
96.875
75
78.125
87.5
81.25
75
81.25
81.25
78.125
81.25
75
75
90.625
65.625
75
81.25
84.375
87.5
84.375
84.375
84.375
78.125
84.375
81.25
75
84.375
90.625
84.375
81.25
81.25
90.625
81.25
75
71.875
78.125
84.375
75
87.5
71.875
90.625
84.375
81.25
84.375
78.125
84.375
78.125
78.125
78.125
71.875
75
81.25
81.25
84.375
78.125
90.625
68.75
78.125
71.875
90.625
78.125
71.875
78.125
75
90.625
81.25
78.125
81.25
84.375
78.125
75
71.875
87.5
87.5
81.25
84.375
84.375
75
78.125
78.125
78.125
78.125
90.625
68.75
78.125
78.125
78.125
87.5
75
84.375
78.125
78.125
81.25
87.5
81.25
81.25
62.5
90.625
68.75
93.75
75
84.375
90.625
87.5
84.375
87.5
81.25
78.125
78.125
81.25
75
78.125
78.125
84.375
78.125
71.875
78.125
75
87.5
65.625
84.375
78.125
81.25
84.375
59.375
84.375
87.5
78.125
93.75
87.5
84.375
90.625
100
71.875
78.125
84.375
84.375
87.5
81.25
87.5
93.75
84.375
71.875
87.5
81.25
78.125
75
87.5
87.5
78.125
84.375
65.625
81.25
75
87.5
90.625
78.125
87.5
78.125
87.5
81.25
81.25
81.25
84.375
62.5
68.75
87.5
84.375
93.75
75
78.125
78.125
68.75
59.375
84.375
84.375
75
81.25
68.75
87.5
81.25
78.125
59.375
75
93.75
68.75
90.625
96.875
71.875
75
81.25
84.375
93.75
78.125
87.5
62.5
81.25
78.125
59.375
78.125
75
90.625
62.5
96.875
81.25
87.5
87.5
90.625
93.75
87.5
75
78.125
90.625
81.25
71.875
78.125
81.25
75
78.125
68.75
84.375
84.375
84.375
75
78.125
96.875
78.125
84.375
90.625
84.375
78.125
90.625
75
84.375
81.25
78.125
81.25
71.875
87.5
87.5
90.625
75
90.625
84.375
81.25
87.5
78.125
81.25
78.125
93.75
78.125
84.375
68.75
78.125
71.875
81.25
87.5
81.25
75
84.375
81.25
84.375
93.75
71.875
84.375
75
68.75
90.625
78.125
78.125
87.5
87.5
93.75
90.625
75
81.25
78.125
93.75
84.375
78.125
93.75
75
84.375
90.625
81.25
90.625
81.25
84.375
84.375
68.75
90.625
81.25
87.5
84.375
93.75
75
81.25
68.75
75
93.75
75
84.375
81.25
87.5
90.625
87.5
84.375
87.5
87.5
81.25
78.125
84.375
81.25
84.375
78.125
65.625
90.625
90.625
87.5
87.5
84.375
71.875
84.375
87.5
78.125
78.125
87.5
78.125
81.25
78.125
81.25
84.375
62.5
90.625
81.25
90.625
78.125
81.25
78.125
81.25
87.5
68.75
75
87.5
87.5
87.5
87.5
81.25
81.25
87.5
78.125
71.875
90.625
78.125
71.875
84.375
87.5
71.875
71.875
90.625
78.125
81.25
78.125
81.25
87.5
84.375
78.125
87.5
87.5
87.5
87.5
84.375
81.25
78.125
87.5
84.375
93.75
81.25
78.125
87.5
84.375
84.375
87.5
81.25
81.25
84.375
81.25
90.625
87.5
90.625
81.25
81.25
84.375
78.125
90.625
71.875
81.25
90.625
93.75
75
75
84.375
93.75
84.375
85
85
70
