0.0000004941058844013093
0.0000009882117688026186
0.000001482317653203928
0.000001976423537605237
0.0000024705294220065464
0.000002964635306407856
0.0000034587411908091652
0.000003952847075210474
0.000004446952959611784
0.000004941058844013093
0.000005435164728414402
0.000005929270612815712
0.000006423376497217021
0.0000069174823816183304
0.000007411588266019639
0.000007905694150420949
0.000008399800034822258
0.000008893905919223568
0.000009388011803624876
0.000009882117688026186
0.000010376223572427495
0.000010870329456828805
0.000011364435341230114
0.000011858541225631424
0.000012352647110032732
0.000012846752994434042
0.000013340858878835351
0.000013834964763236661
0.00001432907064763797
0.000014823176532039278
0.000015317282416440588
0.000015811388300841898
0.000016305494185243207
0.000016799600069644517
0.000017293705954045827
0.000017787811838447136
0.000018281917722848446
0.000018776023607249752
0.00001927012949165106
0.00001976423537605237
0.00002025834126045368
0.00002075244714485499
0.0000212465530292563
0.00002174065891365761
0.00002223476479805892
0.00002272887068246023
0.00002322297656686154
0.000023717082451262848
0.000024211188335664154
0.000024705294220065464
0.000025199400104466774
0.000025693505988868083
0.000026187611873269393
0.000026681717757670702
0.000027175823642072012
0.000027669929526473322
0.00002816403541087463
0.00002865814129527594
0.000029152247179677247
0.000029646353064078557
0.000030140458948479866
0.000030634564832881176
0.000031128670717282486
0.000031622776601683795
0.000032116882486085105
0.000032610988370486415
0.000033105094254887724
0.000033599200139289034
0.000034093306023690343
0.00003458741190809165
0.00003508151779249296
0.00003557562367689427
0.00003606972956129558
0.00003656383544569689
0.000037057941330098194
0.000037552047214499504
0.000038046153098900814
0.00003854025898330212
0.00003903436486770343
0.00003952847075210474
0.00004002257663650605
0.00004051668252090736
0.00004101078840530867
0.00004150489428970998
0.00004199900017411129
0.0000424931060585126
0.00004298721194291391
0.00004348131782731522
0.00004397542371171653
0.00004446952959611784
0.00004496363548051915
0.00004545774136492046
0.00004595184724932177
0.00004644595313372308
0.00004694005901812439
0.000047434164902525696
0.000047928270786927
0.00004842237667132831
0.00004891648255572962
0.00004941058844013093
0.00004990469432453224
0.00005039880020893355
0.00005089290609333486
0.000051387011977736167
0.000051881117862137476
0.000052375223746538786
0.000052869329630940095
0.000053363435515341405
0.000053857541399742715
0.000054351647284144024
0.000054845753168545334
0.000055339859052946643
0.00005583396493734795
0.00005632807082174926
0.00005682217670615057
0.00005731628259055188
0.00005781038847495319
0.000058304494359354494
0.000058798600243755804
0.000059292706128157114
0.00005978681201255842
0.00006028091789695973
0.00006077502378136104
0.00006126912966576235
0.00006176323555016367
0.00006225734143456497
0.00006275144731896629
0.00006324555320336759
0.0000637396590877689
0.00006423376497217021
0.00006472787085657151
0.00006522197674097283
0.00006571608262537413
0.00006621018850977545
0.00006670429439417675
0.00006719840027857807
0.00006769250616297937
0.00006818661204738069
0.00006868071793178199
0.0000691748238161833
0.00006966892970058461
0.00007016303558498593
0.00007065714146938723
0.00007115124735378854
0.00007164535323818985
0.00007213945912259116
0.00007263356500699247
0.00007312767089139378
0.00007362177677579509
0.00007411588266019639
0.0000746099885445977
0.00007510409442899901
0.00007559820031340032
0.00007609230619780163
0.00007658641208220294
0.00007708051796660425
0.00007757462385100556
0.00007806872973540687
0.00007856283561980818
0.00007905694150420948
0.0000795510473886108
0.0000800451532730121
0.00008053925915741342
0.00008103336504181472
0.00008152747092621604
0.00008202157681061734
0.00008251568269501866
0.00008300978857941996
0.00008350389446382128
0.00008399800034822258
0.00008449210623262388
0.0000849862121170252
0.0000854803180014265
0.00008597442388582782
0.00008646852977022912
0.00008696263565463044
0.00008745674153903174
0.00008795084742343306
0.00008844495330783436
0.00008893905919223568
0.00008943316507663698
0.0000899272709610383
0.0000904213768454396
0.00009091548272984092
0.00009140958861424222
0.00009190369449864353
0.00009239780038304484
0.00009289190626744615
0.00009338601215184746
0.00009388011803624877
0.00009437422392065008
0.00009486832980505139
0.0000953624356894527
0.000095856541573854
0.00009635064745825531
0.00009684475334265662
0.00009733885922705793
0.00009783296511145924
0.00009832707099586055
0.00009882117688026186
0.00009931528276466317
0.00009980938864906448
0.00010030349453346579
0.0001007976004178671
0.00010129170630226841
0.00010178581218666971
0.00010227991807107103
0.00010277402395547233
0.00010326812983987365
0.00010376223572427495
0.00010425634160867627
0.00010475044749307757
0.00010524455337747889
0.00010573865926188019
0.0001062327651462815
0.00010672687103068281
0.00010722097691508411
0.00010771508279948543
0.00010820918868388673
0.00010870329456828805
0.00010919740045268935
0.00010969150633709067
0.00011018561222149197
0.00011067971810589329
0.00011117382399029459
0.0001116679298746959
0.00011216203575909721
0.00011265614164349853
0.00011315024752789983
0.00011364435341230114
0.00011413845929670245
0.00011463256518110376
0.00011512667106550507
0.00011562077694990638
0.00011611488283430769
0.00011660898871870899
0.0001171030946031103
0.00011759720048751161
0.00011809130637191292
0.00011858541225631423
0.00011907951814071554
0.00011957362402511685
0.00012006772990951816
0.00012056183579391947
0.00012105594167832078
0.00012155004756272209
0.0001220441534471234
0.0001225382593315247
0.00012303236521592602
0.00012352647110032734
0.00012402057698472863
0.00012451468286912994
0.00012500878875353126
0.00012550289463793258
0.00012599700052233386
0.00012649110640673518
0.0001269852122911365
0.0001274793181755378
0.0001279734240599391
0.00012846752994434042
0.00012896163582874174
0.00012945574171314303
0.00012994984759754434
0.00013044395348194566
0.00013093805936634697
0.00013143216525074826
0.00013192627113514958
0.0001324203770195509
0.0001329144829039522
0.0001334085887883535
0.00013390269467275482
0.00013439680055715614
0.00013489090644155745
0.00013538501232595874
0.00013587911821036006
0.00013637322409476137
0.0001368673299791627
0.00013736143586356398
0.0001378555417479653
0.0001383496476323666
0.0001388437535167679
0.00013933785940116922
0.00013983196528557053
0.00014032607116997185
0.00014082017705437314
0.00014131428293877446
0.00014180838882317577
0.0001423024947075771
0.00014279660059197838
0.0001432907064763797
0.000143784812360781
0.00014427891824518233
0.00014477302412958362
0.00014526713001398493
0.00014576123589838625
0.00014625534178278757
0.00014674944766718886
0.00014724355355159017
0.0001477376594359915
0.00014823176532039278
0.0001487258712047941
0.0001492199770891954
0.00014971408297359673
0.00015020818885799802
0.00015070229474239933
0.00015119640062680065
0.00015169050651120197
0.00015218461239560325
0.00015267871828000457
0.0001531728241644059
0.0001536669300488072
0.0001541610359332085
0.0001546551418176098
0.00015514924770201113
0.00015564335358641244
0.00015613745947081373
0.00015663156535521505
0.00015712567123961636
0.00015761977712401768
0.00015811388300841897
0.00015860798889282029
0.0001591020947772216
0.0001595962006616229
0.0001600903065460242
0.00016058441243042552
0.00016107851831482684
0.00016157262419922813
0.00016206673008362945
0.00016256083596803076
0.00016305494185243208
0.00016354904773683337
0.00016404315362123469
0.000164537259505636
0.00016503136539003732
0.0001655254712744386
0.00016601957715883992
0.00016651368304324124
0.00016700778892764256
0.00016750189481204385
0.00016799600069644516
0.00016849010658084648
0.00016898421246524777
0.00016947831834964908
0.0001699724242340504
0.00017046653011845172
0.000170960636002853
0.00017145474188725432
0.00017194884777165564
0.00017244295365605696
0.00017293705954045824
0.00017343116542485956
0.00017392527130926088
0.0001744193771936622
0.00017491348307806348
0.0001754075889624648
0.00017590169484686612
0.00017639580073126743
0.00017688990661566872
0.00017738401250007004
0.00017787811838447135
0.00017837222426887267
0.00017886633015327396
0.00017936043603767528
0.0001798545419220766
0.00018034864780647788
0.0001808427536908792
0.00018133685957528052
0.00018183096545968183
0.00018232507134408312
0.00018281917722848444
0.00018331328311288575
0.00018380738899728707
0.00018430149488168836
0.00018479560076608968
0.000185289706650491
0.0001857838125348923
0.0001862779184192936
0.00018677202430369491
0.00018726613018809623
0.00018776023607249755
0.00018825434195689884
0.00018874844784130015
0.00018924255372570147
0.00018973665961010279
0.00019023076549450407
0.0001907248713789054
0.0001912189772633067
0.000191713083147708
0.0001922071890321093
0.00019270129491651063
0.00019319540080091195
0.00019368950668531324
0.00019418361256971455
0.00019467771845411587
0.00019517182433851718
0.00019566593022291847
0.0001961600361073198
0.0001966541419917211
0.00019714824787612242
0.0001976423537605237
0.00019813645964492503
0.00019863056552932634
0.00019912467141372766
0.00019961877729812895
0.00020011288318253027
0.00020060698906693158
0.00020110109495133287
0.0002015952008357342
0.0002020893067201355
0.00020258341260453682
0.0002030775184889381
0.00020357162437333943
0.00020406573025774074
0.00020455983614214206
0.00020505394202654335
0.00020554804791094467
0.00020604215379534598
0.0002065362596797473
0.0002070303655641486
0.0002075244714485499
0.00020801857733295122
0.00020851268321735254
0.00020900678910175383
0.00020950089498615514
0.00020999500087055646
0.00021048910675495778
0.00021098321263935907
0.00021147731852376038
0.0002119714244081617
0.000212465530292563
0.0002129596361769643
0.00021345374206136562
0.00021394784794576694
0.00021444195383016823
0.00021493605971456954
0.00021543016559897086
0.00021592427148337217
0.00021641837736777346
0.00021691248325217478
0.0002174065891365761
0.0002179006950209774
0.0002183948009053787
0.00021888890678978002
0.00021938301267418134
0.00021987711855858265
0.00022037122444298394
0.00022086533032738526
0.00022135943621178657
0.00022185354209618786
0.00022234764798058918
0.0002228417538649905
0.0002233358597493918
0.0002238299656337931
0.00022432407151819442
0.00022481817740259573
0.00022531228328699705
0.00022580638917139834
0.00022630049505579966
0.00022679460094020097
0.0002272887068246023
0.00022778281270900358
0.0002282769185934049
0.0002287710244778062
0.00022926513036220753
0.00022975923624660882
0.00023025334213101013
0.00023074744801541145
0.00023124155389981277
0.00023173565978421406
0.00023222976566861537
0.0002327238715530167
0.00023321797743741798
0.0002337120833218193
0.0002342061892062206
0.00023470029509062193
0.00023519440097502322
0.00023568850685942453
0.00023618261274382585
0.00023667671862822717
0.00023717082451262845
0.00023766493039702977
0.0002381590362814311
0.0002386531421658324
0.0002391472480502337
0.000239641353934635
0.00024013545981903633
0.00024062956570343764
0.00024112367158783893
0.00024161777747224025
0.00024211188335664156
0.00024260598924104285
0.00024310009512544417
0.00024359420100984549
0.0002440883068942468
0.0002445824127786481
0.0002450765186630494
0.0002455706245474507
0.00024606473043185204
0.00024655883631625336
0.0002470529422006547
0.00024754704808505594
0.00024804115396945725
0.00024853525985385857
0.0002490293657382599
0.0002495234716226612
0.0002500175775070625
0.00025051168339146383
0.00025100578927586515
0.0002514998951602664
0.00025199400104466773
0.00025248810692906905
0.00025298221281347036
0.0002534763186978717
0.000253970424582273
0.0002544645304666743
0.0002549586363510756
0.0002554527422354769
0.0002559468481198782
0.0002564409540042795
0.00025693505988868084
0.00025742916577308216
0.00025792327165748347
0.0002584173775418848
0.00025891148342628605
0.00025940558931068737
0.0002598996951950887
0.00026039380107949
0.0002608879069638913
0.00026138201284829263
0.00026187611873269395
0.00026237022461709527
0.00026286433050149653
0.00026335843638589784
0.00026385254227029916
0.0002643466481547005
0.0002648407540391018
0.0002653348599235031
0.0002658289658079044
0.0002663230716923057
0.000266817177576707
0.0002673112834611083
0.00026780538934550964
0.00026829949522991095
0.00026879360111431227
0.0002692877069987136
0.0002697818128831149
0.00027027591876751617
0.0002707700246519175
0.0002712641305363188
0.0002717582364207201
0.00027225234230512143
0.00027274644818952275
0.00027324055407392406
0.0002737346599583254
0.00027422876584272664
0.00027472287172712796
0.0002752169776115293
0.0002757110834959306
0.0002762051893803319
0.0002766992952647332
0.00027719340114913454
0.0002776875070335358
0.0002781816129179371
0.00027867571880233844
0.00027916982468673975
0.00027966393057114107
0.0002801580364555424
0.0002806521423399437
0.000281146248224345
0.0002816403541087463
0.0002821344599931476
0.0002826285658775489
0.00028312267176195023
0.00028361677764635155
0.00028411088353075286
0.0002846049894151542
0.00028509909529955544
0.00028559320118395676
0.0002860873070683581
0.0002865814129527594
0.0002870755188371607
0.000287569624721562
0.00028806373060596334
0.00028855783649036465
0.0002890519423747659
0.00028954604825916723
0.00029004015414356855
0.00029053426002796987
0.0002910283659123712
0.0002915224717967725
0.0002920165776811738
0.00029251068356557513
0.0002930047894499764
0.0002934988953343777
0.000293993001218779
0.00029448710710318034
0.00029498121298758166
0.000295475318871983
0.0002959694247563843
0.00029646353064078555
0.00029695763652518687
0.0002974517424095882
0.0002979458482939895
0.0002984399541783908
0.00029893406006279214
0.00029942816594719345
0.00029992227183159477
0.00030041637771599603
0.00030091048360039735
0.00030140458948479866
0.0003018986953692
0.0003023928012536013
0.0003028869071380026
0.00030338101302240393
0.00030387511890680525
0.0003043692247912065
0.0003048633306756078
0.00030535743656000914
0.00030585154244441046
0.0003063456483288118
0.0003068397542132131
0.0003073338600976144
0.00030782796598201567
0.000308322071866417
0.0003088161777508183
0.0003093102836352196
0.00030980438951962093
0.00031029849540402225
0.00031079260128842357
0.0003112867071728249
0.00031178081305722615
0.00031227491894162746
0.0003127690248260288
0.0003132631307104301
0.0003137572365948314
0.00031425134247923273
0.00031474544836363404
0.00031523955424803536
0.0003157336601324366
0.00031622776601683794
0.00031672187190123926
0.00031721597778564057
0.0003177100836700419
0.0003182041895544432
0.0003186982954388445
0.0003191924013232458
0.0003196865072076471
0.0003201806130920484
0.00032067471897644973
0.00032116882486085105
0.00032166293074525237
0.0003221570366296537
0.000322651142514055
0.00032314524839845626
0.0003236393542828576
0.0003241334601672589
0.0003246275660516602
0.0003251216719360615
0.00032561577782046284
0.00032610988370486416
0.0003266039895892655
0.00032709809547366674
0.00032759220135806805
0.00032808630724246937
0.0003285804131268707
0.000329074519011272
0.0003295686248956733
0.00033006273078007464
0.0003305568366644759
0.0003310509425488772
0.00033154504843327853
0.00033203915431767985
0.00033253326020208116
0.0003330273660864825
0.0003335214719708838
0.0003340155778552851
0.0003345096837396864
0.0003350037896240877
0.000335497895508489
0.0003359920013928903
0.00033648610727729164
0.00033698021316169296
0.0003374743190460943
0.00033796842493049554
0.00033846253081489685
0.00033895663669929817
0.0003394507425836995
0.0003399448484681008
0.0003404389543525021
0.00034093306023690343
0.00034142716612130475
0.000341921272005706
0.00034241537789010733
0.00034290948377450865
0.00034340358965890996
0.0003438976955433113
0.0003443918014277126
0.0003448859073121139
0.00034538001319651523
0.0003458741190809165
0.0003463682249653178
0.0003468623308497191
0.00034735643673412044
0.00034785054261852176
0.00034834464850292307
0.0003488387543873244
0.00034933286027172565
0.00034982696615612697
0.0003503210720405283
0.0003508151779249296
0.0003513092838093309
0.00035180338969373223
0.00035229749557813355
0.00035279160146253486
0.0003532857073469361
0.00035377981323133744
0.00035427391911573876
0.0003547680250001401
0.0003552621308845414
0.0003557562367689427
0.000356250342653344
0.00035674444853774534
0.0003572385544221466
0.0003577326603065479
0.00035822676619094924
0.00035872087207535055
0.00035921497795975187
0.0003597090838441532
0.0003602031897285545
0.00036069729561295576
0.0003611914014973571
0.0003616855073817584
0.0003621796132661597
0.00036267371915056103
0.00036316782503496235
0.00036366193091936366
0.000364156036803765
0.00036465014268816624
0.00036514424857256756
0.0003656383544569689
0.0003661324603413702
0.0003666265662257715
0.0003671206721101728
0.00036761477799457414
0.00036810888387897546
0.0003686029897633767
0.00036909709564777803
0.00036959120153217935
0.00037008530741658067
0.000370579413300982
0.0003710735191853833
0.0003715676250697846
0.0003720617309541859
0.0003725558368385872
0.0003730499427229885
0.00037354404860738983
0.00037403815449179114
0.00037453226037619246
0.0003750263662605938
0.0003755204721449951
0.00037601457802939636
0.00037650868391379767
0.000377002789798199
0.0003774968956826003
0.0003779910015670016
0.00037848510745140294
0.00037897921333580425
0.00037947331922020557
0.00037996742510460683
0.00038046153098900815
0.00038095563687340947
0.0003814497427578108
0.0003819438486422121
0.0003824379545266134
0.00038293206041101473
0.000383426166295416
0.0003839202721798173
0.0003844143780642186
0.00038490848394861994
0.00038540258983302126
0.0003858966957174226
0.0003863908016018239
0.0003868849074862252
0.00038737901337062647
0.0003878731192550278
0.0003883672251394291
0.0003888613310238304
0.00038935543690823174
0.00038984954279263305
0.00039034364867703437
0.00039083775456143563
0.00039133186044583695
0.00039182596633023826
0.0003923200722146396
0.0003928141780990409
0.0003933082839834422
0.00039380238986784353
0.00039429649575224485
0.0003947906016366461
0.0003952847075210474
0.00039577881340544874
0.00039627291928985006
0.0003967670251742514
0.0003972611310586527
0.000397755236943054
0.0003982493428274553
0.0003987434487118566
0.0003992375545962579
0.0003997316604806592
0.00040022576636506053
0.00040071987224946185
0.00040121397813386317
0.0004017080840182645
0.00040220218990266575
0.00040269629578706706
0.0004031904016714684
0.0004036845075558697
0.000404178613440271
0.00040467271932467233
0.00040516682520907364
0.00040566093109347496
0.0004061550369778762
0.00040664914286227754
0.00040714324874667886
0.00040763735463108017
0.0004081314605154815
0.0004086255663998828
0.0004091196722842841
0.00040961377816868544
0.0004101078840530867
0.000410601989937488
0.00041109609582188933
0.00041159020170629065
0.00041208430759069196
0.0004125784134750933
0.0004130725193594946
0.00041356662524389586
0.0004140607311282972
0.0004145548370126985
0.0004150489428970998
0.0004155430487815011
0.00041603715466590244
0.00041653126055030376
0.0004170253664347051
0.00041751947231910634
0.00041801357820350765
0.00041850768408790897
0.0004190017899723103
0.0004194958958567116
0.0004199900017411129
0.00042048410762551424
0.00042097821350991555
0.0004214723193943168
0.00042196642527871813
0.00042246053116311945
0.00042295463704752076
0.0004234487429319221
0.0004239428488163234
0.0004244369547007247
0.000424931060585126
0.0004254251664695273
0.0004259192723539286
0.0004264133782383299
0.00042690748412273124
0.00042740159000713256
0.00042789569589153387
0.0004283898017759352
0.00042888390766033645
0.00042937801354473777
0.0004298721194291391
0.0004303662253135404
0.0004308603311979417
0.00043135443708234303
0.00043184854296674435
0.0004323426488511456
0.00043283675473554693
0.00043333086061994824
0.00043382496650434956
0.0004343190723887509
0.0004348131782731522
0.0004353072841575535
0.0004358013900419548
0.0004362954959263561
0.0004367896018107574
0.0004372837076951587
0.00043777781357956004
0.00043827191946396135
0.00043876602534836267
0.000439260131232764
0.0004397542371171653
0.00044024834300156657
0.0004407424488859679
0.0004412365547703692
0.0004417306606547705
0.00044222476653917183
0.00044271887242357315
0.00044321297830797446
0.0004437070841923757
0.00044420119007677704
0.00044469529596117836
0.0004451894018455797
0.000445683507729981
0.0004461776136143823
0.0004466717194987836
0.00044716582538318494
0.0004476599312675862
0.0004481540371519875
0.00044864814303638884
0.00044914224892079015
0.00044963635480519147
0.0004501304606895928
0.0004506245665739941
0.0004511186724583954
0.0004516127783427967
0.000452106884227198
0.0004526009901115993
0.00045309509599600063
0.00045358920188040195
0.00045408330776480326
0.0004545774136492046
0.00045507151953360584
0.00045556562541800716
0.0004560597313024085
0.0004565538371868098
0.0004570479430712111
0.0004575420489556124
0.00045803615484001374
0.00045853026072441506
0.0004590243666088163
0.00045951847249321763
0.00046001257837761895
0.00046050668426202027
0.0004610007901464216
0.0004614948960308229
0.0004619890019152242
0.00046248310779962553
0.0004629772136840268
0.0004634713195684281
0.00046396542545282943
0.00046445953133723074
0.00046495363722163206
0.0004654477431060334
0.0004659418489904347
0.00046643595487483596
0.00046693006075923727
0.0004674241666436386
0.0004679182725280399
0.0004684123784124412
0.00046890648429684254
0.00046940059018124385
0.00046989469606564517
0.00047038880195004643
0.00047088290783444775
0.00047137701371884907
0.0004718711196032504
0.0004723652254876517
0.000472859331372053
0.00047335343725645433
0.00047384754314085565
0.0004743416490252569
0.0004748357549096582
0.00047532986079405954
0.00047582396667846086
0.0004763180725628622
0.0004768121784472635
0.0004773062843316648
0.00047780039021606607
0.0004782944961004674
0.0004787886019848687
0.00047928270786927
0.00047977681375367134
0.00048027091963807265
0.00048076502552247397
0.0004812591314068753
0.00048175323729127655
0.00048224734317567786
0.0004827414490600792
0.0004832355549444805
0.0004837296608288818
0.00048422376671328313
0.00048471787259768445
0.0004852119784820857
0.000485706084366487
0.00048620019025088834
0.00048669429613528966
0.00048718840201969097
0.0004876825079040923
0.0004881766137884936
0.0004886707196728949
0.0004891648255572962
0.0004896589314416976
0.0004901530373260988
0.0004906471432105002
0.0004911412490949014
0.0004916353549793027
0.0004921294608637041
0.0004926235667481053
0.0004931176726325067
0.000493611778516908
0.0004941058844013092
0.0004938590165945422
0.0004936125184426276
0.000493366389023963
0.0004931206274201587
0.0004928752327160248
0.0004926302039995559
0.0004923855403619176
0.0004921412408974313
0.0004918973047035615
0.0004916537308809005
0.0004914105185331555
0.000491167666767134
0.0004909251746927304
0.0004906830414229123
0.0004904412660737067
0.0004901998477641864
0.000489958785616457
0.0004897180787556427
0.0004894777263098739
0.0004892377274102731
0.000488998081190942
0.0004887587867889488
0.0004885198433443144
0.00048828125
0.00048804300590189395
0.00048780511019879893
0.0004875675620424192
0.0004873303605873479
0.0004870935049910544
0.00048685699441387175
0.00048662082801898405
0.00048638500497241434
0.00048614952444301176
0.0004859143856024398
0.0004856795876251634
0.00048544512968843755
0.00048521101097229446
0.00048497723065953194
0.0004847437879357013
0.0004845106819890955
0.00048427791201073725
0.000484045477194367
0.00048381337673643164
0.00048358160983607255
0.000483350175695114
0.0004831190735180518
0.0004828883025120414
0.0004826578618868871
0.00048242775085503
0.0004821979686315372
0.00048196851443409037
0.00048173938748297454
0.00048151058700106694
0.0004812821122138261
0.00048105396234928067
0.0004808261366380185
0.0004805986343131758
0.0004803714546104263
0.0004801445967679704
0.00047991806002652435
0.00047969184362930994
0.0004794659468220434
0.0004792403688529253
0.00047901510897262954
0.0004787901664342934
0.0004785655404935069
0.0004783412304083023
0.0004781172354391442
0.00047789355484891883
0.00047767018790292426
0.00047744713386886005
0.0004772243920168173
0.0004770019616192684
0.00047677984195105736
0.00047655803228938956
0.0004763365319138222
0.000476115340106254
0.0004758944561509162
0.00047567387933436175
0.0004754536089454567
0.0004752336442753699
0.00047501398461756374
0.00047479462926778437
0.0004745755775240524
0.00047435682868665337
0.0004741383820581285
0.0004739202369432652
0.00047370239264908783
0.0004734848484848485
0.00047326760376201774
0.00047305065779427546
0.00047283400989750186
0.00047261765938976836
0.0004724016055913285
0.00047218584782460893
0.00047197038541420077
0.00047175521768685034
0.00047154034397145066
0.0004713257635990325
0.00047111147590275565
0.00047089748021790013
0.00047068377588185774
0.00047047036223412324
0.00047025723861628593
0.000470044404372021
0.000469831858847081
0.00046961960138928766
0.0004694076313485232
0.00046919594807672205
0.00046898455092786266
0.000468773439257959
0.00046856261242505246
0.00046835206978920366
0.00046814181071248417
0.00046793183455896863
0.00046772214069472633
0.0004675127284878134
0.000467303597308265
0.0004670947465280868
0.0004668861755212475
0.000466677883663671
0.00046646987033322824
0.0004662621349097295
0.00046605467677491685
0.00046584749531245617
0.00046564058990792955
0.0004654339599488276
0.00046522760482454193
0.00046502152392635746
0.000464815716647445
0.00046461018238285357
0.0004644049205295031
0.00046419993048617703
0.00046399521165351457
0.00046379076343400373
0.000463586585231974
0.00046338267645358854
0.0004631790365068377
0.00046297566480153106
0.0004627725607492909
0.0004625697237635445
0.0004623671532595173
0.00046216484865422593
0.00046196280936647077
0.0004617610348168294
0.00046155952442764937
0.0004613582776230411
0.0004611572938288713
0.000460956572472756
0.00046075611298405353
0.0004605559147938579
0.0004603559773349919
0.00046015630004200034
0.00045995688235114356
0.0004597577237003904
0.00045955882352941176
0.000459360181279574
0.0004591617963939323
0.00045896366831722394
0.0004587657964958621
0.0004585681803779291
0.00045837081941316996
0.00045817371305298616
0.000457976860750429
0.00045778026196019347
0.0004575839161386115
0.0004573878227436462
0.00045719198123488503
0.00045699639107353395
0.00045680105172241103
0.00045660596264594024
0.0004564111233101453
0.00045621653318264355
0.00045602219173263985
0.0004558280984309205
0.0004556342527498471
0.00045544065416335076
0.0004552473021469258
0.00045505419617762393
0.0004548613357340484
0.000454668720296348
0.000454476349346211
0.00045428422236685963
0.0004540923388430441
0.00045390069826103653
0.0004537093001086257
0.00045351814387511097
0.00045332722905129644
0.0004531365551294856
0.0004529461216034753
0.0004527559279685505
0.0004525659737214783
0.00045237625836050253
0.00045218678138533804
0.0004519975422971654
0.00045180854059862516
0.0004516197757938125
0.0004514312473882716
0.00045124295488899044
0.0004510548978043951
0.0004508670756443447
0.00045067948792012574
0.00045049213414444683
0.0004503050138314336
0.00045011812649662297
0.0004499314716569584
0.00044974504883078424
0.0004495588575378406
0.0004493728972992584
0.0004491871676375539
0.00044900166807662357
0.00044881639814173913
0.0004486313573595424
0.0004484465452580402
0.00044826196136659916
0.00044807760521594096
0.000447893476338137
0.00044770957426660374
0.0004475258985360975
0.00044734244868270957
0.0004471592242438613
0.0004469762247582993
0.00044679344976609033
0.0004466108988086168
0.0004464285714285714
0.00044624646716995303
0.00044606458557806117
0.00044588292619949187
0.00044570148858213244
0.00044552027227515704
0.00044533927682902194
0.00044515850179546073
0.00044497794672747966
0.0004447976111793531
0.0004446174947066189
0.00044443759686607366
0.00044425791721576833
0.00044407845531500357
0.0004438992107243251
0.00044372018300551936
0.000443541371721609
0.00044336277643684823
0.00044318439671671845
0.000443006232127924
0.0004428282822383873
0.00044265054661724496
0.000442473024834843
0.0004422957164627327
0.0004421186210736662
0.0004419417382415922
0.0004417650675416515
0.00044158860855017306
0.0004414123608446692
0.0004412363240038321
0.00044106049760752865
0.00044088488123679713
0.0004407094744738424
0.000440534276902032
0.0004403592881058919
0.0004401845076711024
0.000440009935184494
0.0004398355702340435
0.0004396614124088693
0.0004394874612992281
0.0004393137164965104
0.0004391401775932365
0.0004389668441830526
0.0004387937158607269
0.0004386207922221453
0.0004384480728643076
0.00043827555738532373
0.0004381032453844096
0.00043793113646188315
0.00043775923021916076
0.00043758752625875307
0.00043741602418426114
0.00043724472360037286
0.0004370736241128589
0.0004369027253285689
0.00043673202685542766
0.0004365615283024317
0.00043639122927964497
0.00043622112939819554
0.0004360512282702715
0.0004358815255091177
0.0004357120207290316
0.00043554271354535976
0.0004353736035744944
0.00043520469043386933
0.00043503597374195665
0.000434867453118263
0.00043469912818332597
0.0004345309985587104
0.00043436306386700516
0.00043419532373181903
0.00043402777777777775
0.0004338604256305201
0.00043369326691669445
0.00043352630126395546
0.00043335952830096024
0.00043319294765736534
0.00043302655896382286
0.0004328603618519773
0.00043269435595446194
0.0004325285409048957
0.0004323629163378793
0.0004321974818889924
0.00043203223719478985
0.0004318671818927985
0.0004317023156215138
0.00043153763802039646
0.0004313731487298693
0.00043120884739131373
0.00043104473364706666
0.00043088080714041697
0.00043071706751560254
0.00043055351441780693
0.000430390147493156
0.00043022696638871484
0.0004300639707524846
0.00042990116023339914
0.0004297385344813219
0.00042957609314704296
0.0004294138358822756
0.0004292517623396532
0.00042908987217272636
0.0004289281650359595
0.0004287666405847279
0.0004286052984753147
0.00042844413836490763
0.00042828315991159607
0.00042812236277436796
0.0004279617466131068
0.0004278013110885887
0.0004276410558624792
0.0004274809805973303
0.0004273210849565777
0.0004271613686045376
0.0004270018312064037
0.00042684247242824456
0.00042668329193700026
0.0004265242894004798
0.0004263654644873579
0.00042620681686717264
0.00042604834621032175
0.00042589005218806046
0.00042573193447249834
0.0004255739927365963
0.00042541622665416415
0.0004252586358998573
0.0004251012201491744
0.00042494397907845405
0.00042478691236487253
0.00042463001968644063
0.00042447330072200093
0.0004243167551512253
0.0004241603826546118
0.0004240041829134821
0.0004238481556099789
0.0004236923004270628
0.00042353661704851023
0.00042338110515891
0.0004232257644436613
0.00042307059458897056
0.00042291559528184904
0.00042276076621011
0.0004226061070623663
0.0004224516175280274
0.0004222972972972973
0.00042214314606117123
0.00042198916351143367
0.0004218353493406554
0.000421681703242191
0.0004215282249101765
0.0004213749140395263
0.0004212217703259313
0.0004210687934658559
0.0004209159831565354
0.000420763339095974
0.0004206108609829418
0.0004204585485169725
0.00042030640139836074
0.0004201544193281601
0.00042000260200817995
0.0004198509491409836
0.00041969946042988556
0.000419548135578949
0.0004193969742929836
0.0004192459762775428
0.00041909514123892195
0.0004189444688841552
0.0004187939589210136
0.00041864361105800255
0.00041849342500435954
0.0004183434004700515
0.0004181935371657728
0.00041804383480294286
0.0004178942930937035
0.0004177449117509168
0.0004175956904881631
0.0004174466290197382
0.00041729772706065117
0.0004171489843266225
0.00041700040053408105
0.00041685197540016264
0.000416703708642707
0.0004165555999802561
0.00041640764913205165
0.00041625985581803275
0.00041611221975883396
0.00041596474067578286
0.00041581741829089803
0.0004156702523268865
0.0004155232425071421
0.00041537638855574266
0.0004152296901974483
0.0004150831471576992
0.00041493675916261306
0.0004147905259389835
0.00041464444721427753
0.0004144985227166336
0.0004143527521748594
0.0004142071353184297
0.0004140616718774844
0.0004139163615828262
0.00041377120416591877
0.00041362619935888454
0.0004134813468945025
0.00041333664650620625
0.0004131920979280821
0.0004130477008948667
0.0004129034551419453
0.00041275936040534935
0.0004126154164217549
0.0004124716229284802
0.000412327979663484
0.0004121844863653633
0.00041204114277335144
0.00041189794862731623
0.0004117549036677577
0.00041161200763580643
0.00041146926027322135
0.0004113266613223878
0.00041118421052631577
0.0004110419076286378
0.000410899752373607
0.00041075774450609527
0.00041061588377159114
0.00041047416991619827
0.000410332602686633
0.0004101911818302229
0.0004100499070949047
0.00040990877822922223
0.00040976779498232504
0.00040962695710396586
0.00040948626434449934
0.0004093457164548798
0.00040920531318665944
0.0004090650542919868
0.00040892493952360444
0.00040878496863484755
0.0004086451413796418
0.00040850545751250166
0.00040836591678852866
0.0004082265189634095
0.0004080872637934142
0.00040794815103539447
0.0004078091804467817
0.0004076703517855854
0.00040753166481039146
0.00040739311928036004
0.00040725471495522416
0.00040711645159528787
0.0004069783289614244
0.0004068403468150746
0.00040670250491824496
0.00040656480303350617
0.00040642724092399116
0.00040628981835339357
0.0004061525350859659
0.00040601539088651795
0.00040587838552041494
0.00040574151875357606
0.0004056047903524727
0.00040546820008412654
0.0004053317477161083
0.00040519543301653584
0.00040505925575407237
0.00040492321569792514
0.0004047873126178436
0.00040465154628411767
0.00040451591646757635
0.00040438042293958594
0.00040424506547204837
0.00040410984383739974
0.0004039747578086087
0.0004038398071591747
0.0004037049916631264
0.0004035703110950204
0.00040343576522993926
0.0004033013538434901
0.00040316707671180304
0.0004030329336115296
0.00040289892431984116
0.0004027650486144274
0.00040263130627349466
0.0004024976970757646
0.00040236422080047247
0.0004022308772273656
0.00040209766613670214
0.0004019645873092491
0.000401831640526281
0.00040169882556957877
0.0004015661422214275
0.0004014335902646156
0.00040130116948243293
0.0004011688796586694
0.0004010367205776136
0.0004009046920240511
0.0004007727937832633
0.00040064102564102563
0.00040050938738360627
0.00040037787879776464
0.00040024649967074997
0.0004001152497902999
0.00039998412894463897
0.00039985313692247714
0.0003997222735130085
0.00039959153850590976
0.00039946093169133874
0.0003993304528599333
0.0003992001018028094
0.0003990698783115601
0.00039893978217825414
0.0003988098131954343
0.00039867997115611623
0.000398550255853787
0.00039842066708240366
0.000398291204636392
0.00039816186831064497
0.0003980326579005216
0.00039790357320184543
0.00039777461401090315
0.0003976457801244434
0.0003975170713396753
0.00039738848745426704
0.00039726002826634486
0.0003971316935744913
0.00039700348317774423
0.0003968753968755953
0.00039674743446798874
0.00039661959575531993
0.0003964918805384343
0.0003963642886186258
0.0003962368197976357
0.00039610947387765143
0.00039598225066130494
0.0003958551499516718
0.00039572817155226976
0.0003956013152670573
0.0003954745809004326
0.0003953479682572324
0.00039522147714273024
0.00039509510736263564
