1.5528191328048706
1.4869940280914307
1.4536277055740356
1.7395521402359009
1.7255815267562866
1.4380393028259277
1.5699235200881958
1.6367216110229492
1.7391717433929443
1.4546722173690796
1.4235073328018188
1.5009102821350098
1.4587537050247192
1.39774751663208
1.4468835592269897
1.665854811668396
1.5450787544250488
1.5598043203353882
1.434746503829956
1.4811040163040161
1.3768812417984009
1.4129568338394165
1.3581477403640747
1.408622145652771
1.410358190536499
1.3634636402130127
1.390495777130127
1.3553063869476318
1.3949419260025024
1.49301278591156
1.4329081773757935
1.3134440183639526
1.4280591011047363
1.367071509361267
1.5011186599731445
1.447876214981079
1.4844088554382324
1.4328436851501465
1.4183863401412964
1.378817081451416
1.4317978620529175
1.4561127424240112
1.3859434127807617
1.3986749649047852
1.3977705240249634
1.3542795181274414
1.4248664379119873
1.3881934881210327
1.3404419422149658
1.4050202369689941
1.4280462265014648
1.36542546749115
1.3643248081207275
1.3966726064682007
1.3856377601623535
1.3674561977386475
1.366550087928772
1.379978895187378
1.4336310625076294
1.3392571210861206
1.342488169670105
1.399543046951294
1.403644323348999
1.403464436531067
1.350481629371643
1.3900576829910278
1.3832114934921265
1.3556932210922241
1.40028715133667
1.385861873626709
1.390105128288269
1.4023301601409912
1.3666192293167114
1.3404606580734253
1.3429754972457886
1.3844741582870483
1.4329497814178467
1.4351345300674438
1.334307074546814
1.5000256299972534
1.4259204864501953
1.3496737480163574
1.3530529737472534
1.4094550609588623
1.3738118410110474
1.41117262840271
1.3443197011947632
1.4062230587005615
1.3720641136169434
1.3819760084152222
1.3565701246261597
1.3568434715270996
1.3791478872299194
1.424965262413025
1.420676350593567
1.4076149463653564
1.4582349061965942
1.3749265670776367
1.394808292388916
1.3727610111236572
1.3691110610961914
1.3661630153656006
1.3820995092391968
1.3813515901565552
1.4160542488098145
1.3904637098312378
1.3647820949554443
1.3838528394699097
1.3188180923461914
1.3527649641036987
1.4553204774856567
1.3681931495666504
1.3458635807037354
1.3625481128692627
1.3344762325286865
1.3802554607391357
1.3703794479370117
1.3827122449874878
1.3535361289978027
1.3668262958526611
1.413607120513916
1.3427048921585083
1.4182215929031372
1.3813470602035522
1.3426300287246704
1.382946491241455
1.374526858329773
1.3208928108215332
1.3160308599472046
1.3724467754364014
1.4102649688720703
1.329353928565979
1.4915825128555298
1.3235657215118408
1.304721474647522
1.4165983200073242
1.3114324808120728
1.378192663192749
1.3688225746154785
1.3386688232421875
1.260411024093628
1.4567210674285889
1.4073399305343628
1.3450967073440552
1.2999297380447388
1.3976261615753174
1.2683556079864502
1.285796880722046
1.3866729736328125
1.4690988063812256
1.2796528339385986
1.2725499868392944
1.3364368677139282
1.3587654829025269
1.3678733110427856
1.3219374418258667
1.3804928064346313
1.3893921375274658
1.3322526216506958
1.2367868423461914
1.3775348663330078
1.318848729133606
1.3176571130752563
1.2735098600387573
1.3945443630218506
1.3309946060180664
1.335402488708496
1.2482329607009888
1.2918925285339355
1.434064507484436
1.3094416856765747
1.2977417707443237
1.294673204421997
1.2216637134552002
1.1347850561141968
1.27566659450531
1.311307430267334
1.2978094816207886
1.4066916704177856
1.4533480405807495
1.2838971614837646
1.2012273073196411
1.3956211805343628
1.3740757703781128
1.4874861240386963
1.4029831886291504
1.5073702335357666
1.2488317489624023
1.2947394847869873
1.219868779182434
1.2420804500579834
1.3263400793075562
1.3192518949508667
1.3374965190887451
1.3190269470214844
1.316810965538025
1.1813396215438843
1.3173179626464844
1.2538870573043823
1.3130388259887695
1.3497551679611206
1.3130511045455933
1.3293960094451904
1.2039642333984375
1.390395164489746
1.207054615020752
1.293542504310608
1.1528366804122925
1.430047631263733
1.3719300031661987
1.2330653667449951
1.2325392961502075
1.1316287517547607
1.138578176498413
1.4052180051803589
1.065202236175537
1.0587080717086792
1.0582932233810425
1.2452460527420044
1.2455612421035767
1.141846776008606
1.0465211868286133
1.1331254243850708
1.2532641887664795
1.201364517211914
1.0923792123794556
1.2906204462051392
1.1761682033538818
1.2691675424575806
1.1556165218353271
1.2529942989349365
1.0437020063400269
1.0733286142349243
1.0490046739578247
1.293472170829773
0.9922453761100769
1.194481611251831
1.2368682622909546
1.085819125175476
1.2474180459976196
1.319792628288269
1.1803070306777954
1.0553749799728394
1.174682378768921
1.1795997619628906
1.2985237836837769
0.8885003924369812
1.0793746709823608
1.1442011594772339
1.6284123659133911
0.9953173398971558
1.13983154296875
1.1827435493469238
1.0518324375152588
0.9965412020683289
0.9557560086250305
1.1403554677963257
0.9852620363235474
1.195983648300171
0.9573286771774292
1.0212126970291138
1.2680550813674927
0.9418458938598633
1.141179084777832
1.0438108444213867
1.0030415058135986
1.0709142684936523
1.092875599861145
1.1617794036865234
1.0368682146072388
1.1413999795913696
1.3231467008590698
1.0460703372955322
1.0647287368774414
1.0988597869873047
0.9777870774269104
1.2029645442962646
1.216718077659607
0.8607816696166992
1.0750471353530884
1.0229958295822144
1.1729836463928223
1.0954519510269165
1.0310567617416382
0.93546462059021
1.0399770736694336
0.9081060290336609
0.881676435470581
1.1140995025634766
0.8382626175880432
1.068586826324463
1.0329867601394653
0.8054288029670715
0.8906993865966797
1.0884497165679932
1.4176393747329712
0.902241587638855
0.8821470737457275
1.0819706916809082
1.0976945161819458
0.7974874973297119
1.0255138874053955
1.120394229888916
1.0933599472045898
0.9913674592971802
0.9574257731437683
1.1202418804168701
1.1308929920196533
1.2506089210510254
0.9318912029266357
0.7750547528266907
0.9690244793891907
0.9244367480278015
0.9561972618103027
1.3188115358352661
1.0702824592590332
0.9950382113456726
1.0432934761047363
1.0967519283294678
1.0280933380126953
0.7025573253631592
1.2055538892745972
1.0122380256652832
1.213315486907959
0.929735004901886
1.4669840335845947
0.6985085606575012
1.1594047546386719
1.1687114238739014
1.0190939903259277
0.8628312349319458
1.1601132154464722
1.0096423625946045
0.8817434906959534
0.9595526456832886
0.9746435880661011
0.8938472867012024
1.0136871337890625
1.2716491222381592
0.8522177934646606
0.8294681906700134
0.8336241841316223
1.0398521423339844
1.1607218980789185
1.15450918674469
0.9701957106590271
0.7981572151184082
0.903253436088562
0.9218242764472961
0.8804130554199219
1.0334436893463135
0.8670883178710938
0.9937801361083984
0.6267305016517639
1.022694706916809
0.7481179237365723
0.8804247975349426
0.9182726144790649
0.9760782122612
0.6422352194786072
0.8780742883682251
0.7880934476852417
0.6809234619140625
0.8164348006248474
1.133631944656372
0.8231562376022339
0.9306149482727051
0.8684481382369995
0.8163430690765381
1.1209907531738281
0.6767584085464478
0.8783004283905029
0.8851380944252014
0.9971655607223511
0.8799151182174683
0.9628428816795349
0.8607040047645569
0.6729030013084412
0.7430781126022339
0.752621054649353
0.7621749639511108
0.8232241272926331
0.9280855059623718
1.1500420570373535
0.7059659361839294
0.5952672958374023
0.7622163891792297
0.7813880443572998
0.937305212020874
0.7621064782142639
0.858134388923645
0.7388299107551575
0.705238938331604
0.749435305595398
0.8110420107841492
0.9823235273361206
0.8687589168548584
0.820868968963623
0.8450220227241516
0.7702078819274902
0.7973116636276245
0.7061179280281067
0.7075234055519104
0.7425236701965332
0.8586671352386475
1.0012823343276978
0.660971462726593
0.9094502925872803
0.749073326587677
0.6095414757728577
0.6192076802253723
0.7819949984550476
1.0149019956588745
0.8951848149299622
0.7219416499137878
0.948792040348053
0.7416672110557556
0.6022323966026306
0.9448036551475525
0.779262125492096
0.3739531636238098
0.6780024766921997
0.9360136985778809
0.9035349488258362
0.9535141587257385
0.5572258830070496
0.762100338935852
0.8417384624481201
1.02316415309906
1.138951063156128
0.6636714339256287
0.620105504989624
1.0613514184951782
0.8564435243606567
0.8981419205665588
0.7409137487411499
0.8213229775428772
0.7070853114128113
0.6842355132102966
0.6878542304039001
0.9169203042984009
0.5102245211601257
0.7632972598075867
0.5587087869644165
0.6340896487236023
0.5747599005699158
0.7135968804359436
0.5249205827713013
1.089613914489746
0.7898672819137573
0.5946118831634521
0.7420555949211121
0.8472026586532593
0.8718230724334717
0.6880704164505005
0.6845842003822327
0.8282942175865173
0.7265157103538513
1.077019453048706
0.7446227669715881
0.6947627067565918
0.8176633715629578
0.7176578640937805
0.7687106728553772
0.8501049876213074
0.7178661823272705
0.974086344242096
0.5461395382881165
0.7320865988731384
0.700126588344574
0.9248508810997009
0.9256425499916077
0.9193205833435059
0.5868313312530518
0.7977909445762634
0.7833685874938965
0.7542535066604614
0.5939832925796509
0.9195865988731384
0.8258896470069885
0.616710364818573
0.915006697177887
0.6397737860679626
0.7465741634368896
1.0313135385513306
1.0783425569534302
0.6088694334030151
0.7724579572677612
0.834467351436615
0.8074625730514526
1.1351025104522705
0.8632313013076782
1.0086140632629395
0.789836049079895
1.005671501159668
0.7533005475997925
0.6298184394836426
0.9979769587516785
0.9086837768554688
0.6237863898277283
0.9895440340042114
0.48765501379966736
0.5163249969482422
0.6986847519874573
0.8885172605514526
0.7155550718307495
0.9381633996963501
0.8286356925964355
0.6405735611915588
0.8434684872627258
0.6690084934234619
0.6496868133544922
1.0178464651107788
0.8438120484352112
0.832900881767273
0.8313784599304199
0.598812460899353
0.8987025022506714
0.8361378312110901
0.8385125398635864
0.9723762273788452
0.7432558536529541
0.7516056299209595
0.6567617654800415
0.6989986896514893
0.7997645735740662
0.8627036809921265
0.5818854570388794
0.7022020220756531
0.6218180060386658
0.6608210206031799
0.7256028056144714
1.0545847415924072
0.5083838701248169
0.5766897201538086
0.6197936534881592
0.6459283232688904
0.6582339406013489
0.6835166215896606
1.0158495903015137
0.6500561237335205
0.7930647134780884
0.49300360679626465
0.5571902394294739
0.8330821990966797
0.535658597946167
0.5202755928039551
0.8208186030387878
0.761696994304657
0.6499761939048767
1.030358076095581
0.8786017894744873
0.7684245705604553
0.8587760925292969
0.8028243184089661
0.6547250747680664
0.7912075519561768
0.8473796844482422
0.5732791423797607
0.9300227165222168
0.7255228161811829
0.9072638750076294
0.9711078405380249
0.43686261773109436
0.6869343519210815
0.8684012293815613
1.1347850561141968
0.5531319379806519
0.6679220795631409
0.7591270804405212
0.5579679608345032
0.549954891204834
0.712197482585907
0.5651309490203857
0.8516062498092651
0.8318086266517639
0.7127165198326111
0.7140004634857178
0.644963264465332
0.7336978316307068
0.7949023842811584
0.5909196138381958
0.38293835520744324
0.6443537473678589
1.2821751832962036
0.5216518640518188
0.6171711087226868
0.711012601852417
0.6719856858253479
1.0234893560409546
0.4993750751018524
0.8464632630348206
1.2186119556427002
0.6323234438896179
0.6379004716873169
0.7372456192970276
0.6535926461219788
0.5121602416038513
1.0789666175842285
0.7367589473724365
0.4513692259788513
0.6926247477531433
0.7155110836029053
0.5274352431297302
0.6057351231575012
0.5016331076622009
0.6909117698669434
0.7733815312385559
0.7592177391052246
0.6984140276908875
0.7898863554000854
0.44602057337760925
0.7040632963180542
0.8205216526985168
0.610197901725769
0.5472103953361511
0.683832585811615
0.6217657923698425
0.5122658610343933
0.6252870559692383
0.767705500125885
0.9909312725067139
0.5224844217300415
0.6184612512588501
0.5894960761070251
0.47582632303237915
0.600368857383728
0.6980441212654114
0.4394729435443878
0.49339765310287476
0.700247585773468
0.8140737414360046
0.6845084428787231
0.5374924540519714
0.6810539364814758
0.9780761003494263
0.5420595407485962
0.9733527302742004
0.8223447799682617
0.4741145968437195
0.8724498152732849
0.7910178303718567
0.6217543482780457
0.4142012596130371
0.7355613112449646
0.4564037024974823
0.5575427412986755
0.5679444670677185
0.8048207759857178
0.9137882590293884
0.7981430292129517
0.450075626373291
0.4642520546913147
0.4201506972312927
0.4369107782840729
0.4964222311973572
0.6755218505859375
0.6692160367965698
0.7082133889198303
0.5245630741119385
0.7613840103149414
0.7270861268043518
0.4496181011199951
0.679750382900238
0.6116636991500854
0.7630423903465271
0.6195473074913025
0.6116250157356262
0.6022425889968872
0.7167060971260071
0.4607028663158417
0.5099233984947205
0.7695546746253967
0.6871988773345947
0.5094691514968872
0.675511360168457
0.9287976622581482
0.7725688219070435
0.48116302490234375
0.5460105538368225
0.6744831204414368
0.9190313220024109
0.5648383498191833
0.5936974883079529
0.8345569372177124
0.7060299515724182
0.4918891489505768
0.5913904905319214
0.6634840965270996
0.5528674125671387
0.3951819837093353
0.7161510586738586
0.6103436350822449
0.7670827507972717
0.5798453092575073
0.534319281578064
0.9695572853088379
0.3645976781845093
0.8381891846656799
0.42270126938819885
0.47101473808288574
0.751724123954773
0.4987771511077881
0.5706077814102173
0.42692136764526367
0.698930025100708
0.5312247276306152
0.7480350732803345
0.6212707161903381
0.6645396947860718
0.5202478170394897
0.48496946692466736
0.6755043864250183
0.6480839252471924
0.7513444423675537
0.6486474275588989
0.4393099248409271
0.7009778618812561
0.5590479969978333
0.5397821664810181
0.6770958304405212
0.8234869241714478
0.5550540685653687
0.8060028553009033
0.7618718147277832
0.8117940425872803
0.6469678282737732
0.6503827571868896
0.4945237934589386
0.8621646165847778
1.2580002546310425
0.801607608795166
0.5758745670318604
0.3978330194950104
0.9688813090324402
0.9450976252555847
0.7460293769836426
0.4907393753528595
0.5412588715553284
0.9517194628715515
1.0332750082015991
0.530328094959259
1.08444082736969
0.7359704971313477
0.6006256937980652
0.7394458055496216
0.8358001708984375
0.7293604016304016
0.562529444694519
0.6789477467536926
0.7627764344215393
0.3684234023094177
0.586803674697876
0.5179014205932617
0.6608049869537354
0.7795368432998657
0.7528022527694702
0.565712571144104
0.6747004985809326
0.3415764272212982
0.8821120262145996
0.44743674993515015
0.4330926239490509
0.4253990054130554
0.8239116072654724
0.7217161655426025
0.7604004740715027
0.7900274395942688
0.8526658415794373
0.5197587013244629
0.496163010597229
0.5462615489959717
0.451631635427475
0.6433477997779846
0.8547337055206299
0.6512223482131958
0.494797945022583
0.5844648480415344
0.5079706311225891
0.5429710745811462
0.5364915728569031
0.7586570382118225
0.6285128593444824
0.6430866718292236
0.6085577011108398
0.8337631225585938
0.3598315715789795
0.5609858632087708
0.5040619373321533
0.6855931878089905
0.5794451236724854
0.5072962641716003
0.6078618764877319
0.5731008648872375
0.8813497424125671
0.6876386404037476
0.7681586742401123
0.6969360709190369
0.5536313056945801
0.8146253824234009
0.8516878485679626
0.5966957211494446
0.48841017484664917
0.6733044981956482
0.5857588648796082
0.7970789670944214
0.8122899532318115
0.7082323431968689
0.8659047484397888
0.9178396463394165
0.44752904772758484
0.3747905492782593
0.44301003217697144
0.4365052580833435
0.8685489296913147
0.47020047903060913
0.6035091280937195
0.7297150492668152
0.5631206035614014
0.6560184955596924
0.7339410781860352
0.4610109329223633
0.5213597416877747
0.48698168992996216
0.4500688314437866
0.6314497590065002
0.7722409963607788
0.3889668583869934
0.6239651441574097
0.31713128089904785
0.6559412479400635
0.7068473696708679
0.5158945918083191
0.6823065876960754
0.7555856108665466
0.4896402955055237
0.45577242970466614
0.39112210273742676
0.3187054395675659
0.597038745880127
0.7736299633979797
0.301394522190094
0.46687746047973633
0.4849015474319458
0.512528121471405
0.3894456624984741
0.7417463660240173
0.5194084048271179
0.6250585317611694
0.2380913645029068
0.7061173915863037
0.5643250346183777
0.387210488319397
0.5787463188171387
0.4344865083694458
0.7191508412361145
0.6440759301185608
0.6257501840591431
0.3524112105369568
1.1036840677261353
0.5111333727836609
0.8110456466674805
0.5047018527984619
1.1392440795898438
0.611101508140564
0.5550746917724609
0.4885999262332916
0.7432123422622681
0.4882954955101013
0.5264900326728821
0.43276792764663696
0.32716187834739685
0.4445778727531433
0.4974460005760193
0.36248064041137695
0.6727495193481445
0.37743139266967773
0.3538466691970825
0.6461334228515625
0.5182282328605652
0.7028372883796692
0.4358317255973816
0.6632533073425293
0.6349397897720337
0.6377796530723572
0.9066594839096069
0.34439438581466675
0.5842704772949219
0.8199986219406128
0.6889291405677795
0.7521647810935974
0.6941999197006226
0.559934675693512
0.6526190638542175
0.6930897831916809
0.47499093413352966
0.5292263031005859
0.677947461605072
0.3526231348514557
0.6868746876716614
0.8436262011528015
0.4330557584762573
0.7661707401275635
0.5339658856391907
0.8044270277023315
0.42831116914749146
0.34067609906196594
0.5803820490837097
0.6847364902496338
0.5841103196144104
0.5159834027290344
0.409798264503479
0.6193291544914246
0.5945351123809814
0.5303491950035095
0.7758240699768066
0.9153580069541931
0.6158910393714905
0.6561293601989746
0.5458753108978271
0.3954923748970032
0.4604174494743347
0.5067853927612305
0.6625553965568542
0.46326690912246704
0.5558578968048096
0.6599458456039429
0.3864171802997589
0.7383933067321777
0.6670247912406921
0.38539817929267883
0.807574450969696
0.3206653892993927
0.6973310708999634
0.389591246843338
0.49962007999420166
0.6975512504577637
0.23787255585193634
0.8659566044807434
0.43198636174201965
0.4831121563911438
0.3598310947418213
0.5111948847770691
0.6542401909828186
0.5066061019897461
0.5884078145027161
0.5941697359085083
0.806052029132843
1.0412795543670654
0.540117084980011
0.5694377422332764
0.5777837634086609
0.9753356575965881
0.611993670463562
0.7340342998504639
0.6994075179100037
0.5685173869132996
0.6450569033622742
0.7200695872306824
0.37922921776771545
0.6894470453262329
0.7223286628723145
0.7275723218917847
0.6846086978912354
0.847322940826416
0.3770580291748047
0.6950936913490295
0.7117466330528259
0.5157175064086914
0.6082097887992859
0.6579051613807678
0.7796131372451782
0.8127999901771545
0.5837529897689819
0.30584606528282166
0.5909860134124756
0.6756855249404907
0.5386555194854736
0.6367209553718567
0.8651401996612549
0.6933388710021973
0.6192957758903503
0.8568795919418335
0.5744704008102417
1.1114546060562134
0.7147091031074524
0.4138357639312744
0.8483731746673584
0.5913428664207458
0.7804274559020996
0.8360281586647034
0.6514178514480591
0.8771536350250244
0.5810128450393677
0.5543743371963501
0.7962952256202698
0.5063558220863342
0.471176415681839
0.5367270708084106
0.6624346375465393
0.5312992334365845
0.6141113638877869
0.4664929509162903
0.7050329446792603
0.38873469829559326
0.7319573760032654
0.45182573795318604
0.3432360291481018
0.8783212900161743
0.7362826466560364
0.5728278160095215
0.7255986928939819
0.31084221601486206
0.6492154002189636
0.570783793926239
0.6798245906829834
0.9134504199028015
0.7451688647270203
0.8325387239456177
0.456196665763855
0.7361307144165039
0.4625190794467926
0.6034412384033203
0.6675971746444702
0.44280198216438293
0.8672363758087158
0.6144858598709106
0.5546966195106506
0.6066402196884155
0.7590129971504211
0.7864865660667419
0.5822652578353882
0.509752094745636
0.4075891375541687
0.5103526711463928
0.5743290185928345
0.5201697945594788
0.32809126377105713
0.721046507358551
0.5715349912643433
0.513443112373352
0.698441207408905
0.5137856602668762
0.6279080510139465
0.5049923062324524
0.7589839100837708
0.4532089829444885
0.6286497116088867
0.5564256906509399
0.8819498419761658
0.5034815669059753
0.3611029088497162
0.78513103723526
0.739179790019989
0.586887001991272
0.49640530347824097
0.5073409080505371
0.6355644464492798
0.6401441097259521
0.3334977924823761
0.3342077434062958
0.6147536039352417
0.8026723861694336
0.7329333424568176
0.2537327706813812
0.4493393003940582
0.6394583582878113
0.7261254191398621
0.3820154666900635
0.3724188208580017
0.6869844794273376
0.30953648686408997
0.7710717916488647
0.41675063967704773
0.5261900424957275
0.37143993377685547
0.6083111763000488
0.18945010006427765
0.5915306210517883
0.7052052617073059
0.3840846121311188
0.6519877314567566
0.49197596311569214
0.45649877190589905
0.39821910858154297
0.7121957540512085
0.45085641741752625
0.45681077241897583
0.49700114130973816
0.6782630085945129
0.46839335560798645
0.5603684186935425
0.44396528601646423
0.5188043713569641
0.6948255896568298
0.6860093474388123
0.6287837028503418
0.3179086744785309
0.4521363377571106
0.6113512516021729
0.8414509892463684
0.42073124647140503
0.42402148246765137
0.529700517654419
0.673488974571228
0.685282826423645
0.5889275670051575
0.46397843956947327
0.6623154878616333
0.68626469373703
0.6532276272773743
0.6358435153961182
0.5319586992263794
0.459165096282959
0.6018625497817993
0.6969749927520752
0.535279393196106
0.40344417095184326
0.5966348648071289
0.756189227104187
0.6105959415435791
0.7243643999099731
0.4962889850139618
0.6412528157234192
0.4231242537498474
0.6801559329032898
0.4925733506679535
0.80607008934021
0.8869760036468506
0.4355498254299164
0.7832822203636169
0.779350996017456
0.5424730777740479
0.47803419828414917
0.43133679032325745
1.0227583646774292
0.848883867263794
0.5319174528121948
0.4771438241004944
0.3365079462528229
0.3821478486061096
0.3208591639995575
0.4521889090538025
0.76119065284729
0.496611088514328
0.6867703795433044
0.540244460105896
0.3492389917373657
0.40942394733428955
0.923642098903656
0.8970934748649597
0.42780470848083496
0.22849833965301514
0.5751446485519409
0.4120893180370331
0.45434677600860596
0.5702953338623047
0.40444818139076233
0.2389025092124939
0.5011863708496094
0.5907235145568848
0.49041131138801575
0.5221006870269775
0.5296278595924377
0.6041114926338196
0.4160391688346863
0.7489596605300903
0.5217916369438171
0.6348754167556763
0.5536209344863892
0.2974911630153656
0.8916116952896118
0.7219679355621338
0.5602704286575317
0.5312502980232239
0.4067556858062744
0.3936619162559509
0.43027204275131226
0.40138185024261475
0.5527969598770142
0.5273736715316772
0.5678220987319946
0.718754768371582
0.39846694469451904
0.40900906920433044
0.5022562742233276
0.46947547793388367
0.5121830701828003
0.5695971846580505
0.35043802857398987
0.799220085144043
0.726071834564209
0.4355751574039459
0.4412952661514282
0.7081689238548279
0.49268272519111633
0.7175579071044922
0.40214449167251587
0.34806033968925476
0.5343226194381714
0.5535098910331726
0.5417693257331848
0.6265923380851746
0.5817635655403137
0.829392671585083
0.6956014037132263
0.5432000756263733
0.5174109935760498
0.615769624710083
0.5157224535942078
0.4555495083332062
0.7234218120574951
0.32690784335136414
0.6977649331092834
0.6825747489929199
0.5971168875694275
0.2728389501571655
0.6454008221626282
0.634575366973877
0.5018531084060669
0.5147734880447388
0.38541945815086365
0.6033803820610046
0.4689154028892517
0.43650996685028076
0.45901018381118774
0.45781952142715454
0.50175940990448
0.5707600116729736
0.32346585392951965
0.3618374764919281
0.5664460062980652
0.3180752396583557
0.41270869970321655
0.5392417907714844
0.6936553120613098
0.6968392133712769
0.46654778718948364
0.46344390511512756
0.3006007969379425
0.727766752243042
0.472741037607193
0.5484898090362549
0.5793695449829102
0.35358333587646484
0.4782989025115967
0.49688997864723206
0.48165130615234375
0.7064376473426819
0.4165618121623993
0.4163612127304077
0.5152997374534607
0.5444653630256653
0.8825666904449463
0.37975943088531494
1.0655847787857056
0.31280139088630676
0.5179904699325562
0.39519429206848145
0.47491779923439026
0.40570250153541565
0.4921397566795349
0.37826305627822876
0.8052698373794556
0.46487709879875183
0.5052424073219299
0.6162525415420532
0.6992672085762024
0.40951865911483765
0.5238615870475769
0.4666031301021576
0.4593470096588135
0.8101689219474792
0.533264696598053
0.6069468855857849
0.4795629382133484
0.6419129371643066
0.4655335545539856
0.6847773194313049
0.49691134691238403
0.46983271837234497
0.9062052369117737
0.3654329180717468
0.45217543840408325
0.5585609078407288
0.3042719066143036
0.4005899727344513
0.5540777444839478
0.320464551448822
0.18118761479854584
0.721431314945221
0.584617018699646
0.42358219623565674
0.4074961543083191
0.3925519585609436
0.6583552360534668
0.4129176139831543
0.20744934678077698
0.3675272762775421
0.9414982199668884
0.34051626920700073
0.6947087049484253
0.6673845052719116
0.4426954686641693
0.3800017833709717
0.39326196908950806
0.5800865888595581
0.4775632917881012
1.113259196281433
0.597282350063324
0.5230802297592163
0.421556681394577
0.29752740263938904
0.4565208852291107
0.6839197874069214
0.6652852296829224
0.2761794626712799
0.535771369934082
0.8149833679199219
0.5571934580802917
0.46362438797950745
1.024376630783081
0.6345997452735901
0.4087655544281006
0.40852177143096924
0.26885390281677246
0.5818466544151306
0.6628025770187378
0.6325808763504028
0.65073162317276
0.9394614100456238
0.4948577582836151
0.3708627223968506
0.5960494875907898
0.5134229063987732
0.6896781325340271
0.31901729106903076
0.5362744331359863
0.5519831776618958
1.09158194065094
0.7224852442741394
0.22037428617477417
0.8314293622970581
0.35466301441192627
0.25912413001060486
0.6084535121917725
0.6333538293838501
0.4710882902145386
0.49853000044822693
0.2932429015636444
0.5415946245193481
0.3521711826324463
0.7863427400588989
0.5470731854438782
0.517208993434906
0.949314534664154
0.4791594445705414
0.5874371528625488
0.2704871892929077
1.014917016029358
0.2763335704803467
0.6038370728492737
0.3959874212741852
0.4716310203075409
0.3709396421909332
0.3752688765525818
0.33389580249786377
0.6987205743789673
0.5926899313926697
0.301613450050354
0.4092017710208893
0.8869692087173462
0.5789177417755127
0.43555745482444763
0.5863279700279236
0.5387691259384155
0.78815758228302
0.347115695476532
0.3791857957839966
0.42573320865631104
0.6057982444763184
0.5159933567047119
0.1404099464416504
0.4396830201148987
0.3726038336753845
0.21727003157138824
0.3063082695007324
0.5198781490325928
0.36212819814682007
0.5939747095108032
0.5172279477119446
0.42705801129341125
0.6761965155601501
0.49436789751052856
0.6536420583724976
0.3776227831840515
0.3517942428588867
0.5053794980049133
0.4759238660335541
0.3702268898487091
0.5525457262992859
0.541499137878418
0.42075681686401367
0.5743317604064941
0.4599517583847046
0.5814469456672668
0.3386369049549103
0.4929858446121216
0.41730403900146484
0.7820701003074646
0.7279683351516724
0.7829453945159912
0.7250819206237793
0.2897716462612152
0.5581377148628235
0.674601674079895
0.40624070167541504
0.4718130826950073
0.504383385181427
0.19787199795246124
0.5690242052078247
0.31481805443763733
0.8267524838447571
0.5844281315803528
0.32343554496765137
0.5238860249519348
0.5798234939575195
0.4093797206878662
0.36869683861732483
0.3160366714000702
0.424221396446228
0.6367331743240356
0.5821271538734436
0.7304940223693848
0.2987132966518402
0.5053055882453918
0.4623594582080841
0.19269046187400818
0.5355084538459778
0.38714125752449036
0.33871257305145264
0.3529118001461029
0.32752761244773865
0.6206483244895935
0.480356365442276
0.4210176169872284
0.823432445526123
0.3794541358947754
0.5617356896400452
0.3370080590248108
0.5447415113449097
0.20946213603019714
0.6082751154899597
0.5336329340934753
0.6404991149902344
0.6143612265586853
0.265450656414032
0.7081897258758545
0.5802329182624817
0.6011958122253418
0.4192642271518707
0.3696446716785431
0.3457683026790619
0.4467495083808899
0.21096119284629822
0.2568727731704712
0.3794926404953003
0.5738995671272278
0.4754449129104614
0.6274672746658325
0.43845701217651367
0.7094555497169495
0.7829194664955139
0.4625624716281891
0.30890709161758423
0.4734940826892853
0.3831017017364502
0.5230663418769836
0.8142098784446716
0.4995797872543335
0.5020039677619934
0.5888662934303284
0.5002202987670898
0.3379368782043457
0.5604171752929688
0.5350083708763123
0.6243889927864075
0.3645728528499603
0.4028322100639343
0.8602132201194763
0.3460516035556793
0.4504776895046234
0.44822749495506287
0.5905963778495789
0.5559743046760559
0.4342151880264282
0.5367328524589539
0.45516955852508545
0.7906790971755981
0.7106831073760986
0.48647943139076233
0.4084915518760681
0.359306275844574
0.34198397397994995
0.444104939699173
0.42379030585289
0.49462541937828064
0.5798923969268799
0.6380917429924011
0.3705097734928131
0.4533555805683136
0.7859731912612915
0.3774414658546448
0.4476120173931122
0.7493516206741333
0.6552784442901611
0.21788759529590607
0.7151712775230408
0.5352113842964172
0.5307295322418213
0.5599660873413086
0.457108736038208
0.46354690194129944
0.45194926857948303
0.32410138845443726
0.37836113572120667
0.46273869276046753
0.2997879981994629
0.5217611789703369
0.3446667194366455
0.5086787343025208
0.4121485650539398
0.42018643021583557
0.33371904492378235
0.4589165151119232
0.5651342272758484
0.38923293352127075
0.4281705617904663
0.4675878882408142
0.34906110167503357
0.4230610430240631
0.5609865188598633
0.47979164123535156
0.5147222280502319
0.36065933108329773
0.26360034942626953
0.38830476999282837
0.815402090549469
0.5897396206855774
0.41908666491508484
0.572490394115448
0.3103245496749878
0.5931550860404968
0.38817286491394043
0.3940179944038391
0.2562469244003296
0.5845788717269897
0.540846049785614
0.39961931109428406
0.22825492918491364
0.3689707815647125
0.5701882839202881
0.3303646445274353
0.6784253120422363
